0 info it worked if it ends with ok
1 verbose cli [ '/usr/bin/nodejs', '/usr/bin/npm', 'test' ]
2 info using npm@4.0.1
3 info using node@v6.9.1
4 verbose stack Error: Failed to parse json
4 verbose stack Unexpected token 'i' at 8:6
4 verbose stack     "install":"enki/install.js",
4 verbose stack      ^
4 verbose stack     at parseError (/usr/lib/node_modules/npm/node_modules/read-package-json/read-json.js:390:11)
4 verbose stack     at parseJson (/usr/lib/node_modules/npm/node_modules/read-package-json/read-json.js:79:23)
4 verbose stack     at /usr/lib/node_modules/npm/node_modules/read-package-json/read-json.js:48:5
4 verbose stack     at /usr/lib/node_modules/npm/node_modules/graceful-fs/graceful-fs.js:78:16
4 verbose stack     at tryToString (fs.js:455:3)
4 verbose stack     at FSReqWrap.readFileAfterClose [as oncomplete] (fs.js:442:12)
5 verbose cwd /home/try/Desktop/November-December/week44/11-3
6 error Linux 4.4.0-45-generic
7 error argv "/usr/bin/nodejs" "/usr/bin/npm" "test"
8 error node v6.9.1
9 error npm  v4.0.1
10 error file /home/try/Desktop/November-December/week44/11-3/package.json
11 error code EJSONPARSE
12 error Failed to parse json
12 error Unexpected token 'i' at 8:6
12 error     "install":"enki/install.js",
12 error      ^
13 error File: /home/try/Desktop/November-December/week44/11-3/package.json
14 error Failed to parse package.json data.
14 error package.json must be actual JSON, not just JavaScript.
14 error
14 error This is not a bug in npm.
14 error Tell the package author to fix their package.json file. JSON.parse
15 verbose exit [ 1, true ]
